#
# There is insufficient memory for the Java Runtime Environment to continue.
# Native memory allocation (mmap) failed to map 1073741824 bytes for G1 virtual space
# Possible reasons:
#   The system is out of physical RAM or swap space
#   The process is running with CompressedOops enabled, and the Java Heap may be blocking the growth of the native heap
# Possible solutions:
#   Reduce memory load on the system
#   Increase physical memory or swap space
#   Check if swap backing store is full
#   Decrease Java heap size (-Xmx/-Xms)
#   Decrease number of Java threads
#   Decrease Java thread stack sizes (-Xss)
#   Set larger code cache with -XX:ReservedCodeCacheSize=
#   JVM is running with Zero Based Compressed Oops mode in which the Java heap is
#     placed in the first 32GB address space. The Java Heap base address is the
#     maximum limit for the native heap growth. Please use -XX:HeapBaseMinAddress
#     to set the Java Heap base and to place the Java Heap above 32GB virtual address.
# This output file may be truncated or incomplete.
#
#  Out of Memory Error (os_windows.cpp:3617), pid=36112, tid=37680
#
# JRE version:  (17.0.8+7) (build )
# Java VM: OpenJDK 64-Bit Server VM (17.0.8+7-jvmci-22.3-b22, mixed mode, sharing, tiered, jvmci, jvmci compiler, compressed oops, compressed class ptrs, g1 gc, windows-amd64)
# No core dump will be written. Minidumps are not enabled by default on client versions of Windows
#

---------------  S U M M A R Y ------------

Command Line: -XX:ThreadPriorityPolicy=1 -XX:+UnlockExperimentalVMOptions -XX:+EnableJVMCIProduct -XX:JVMCIThreadsPerNativeLibraryRuntime=1 -XX:-UnlockExperimentalVMOptions -ea -DnodeNamesHandler=org.jetbrains.plugins.cucumber.java.run.CucumberTestTreeNodeManager -Didea.test.cyclic.buffer.size=1048576 -javaagent:C:\Program Files\JetBrains\IntelliJ IDEA\lib\idea_rt.jar=50177:C:\Program Files\JetBrains\IntelliJ IDEA\bin -Dfile.encoding=UTF-8 com.intellij.rt.junit.JUnitStarter -ideVersion5 -junit4 hu.nye.test.vpe.RunTest

Host: 12th Gen Intel(R) Core(TM) i9-12900K, 24 cores, 63G,  Windows 11 , 64 bit Build 22621 (10.0.22621.2506)
Time: Sun Dec 17 17:38:30 2023 Közép-európai téli idBuild 22621 (10.0.22621.2506) elapsed time: 0.010413 seconds (0d 0h 0m 0s)

---------------  T H R E A D  ---------------

Current thread (0x000001a94240c2f0):  JavaThread "Unknown thread" [_thread_in_vm, id=37680, stack(0x000000599f200000,0x000000599f300000)]

Stack: [0x000000599f200000,0x000000599f300000]
Native frames: (J=compiled Java code, j=interpreted, Vv=VM code, C=native code)
V  [jvm.dll+0x66907a]
V  [jvm.dll+0x7c9e7e]
V  [jvm.dll+0x7cb7ce]
V  [jvm.dll+0x7cbe83]
V  [jvm.dll+0x2457af]
V  [jvm.dll+0x665de9]
V  [jvm.dll+0x65a75a]
V  [jvm.dll+0x302ea6]
V  [jvm.dll+0x30a3c6]
V  [jvm.dll+0x359cbe]
V  [jvm.dll+0x359eef]
V  [jvm.dll+0x2da0e8]
V  [jvm.dll+0x2db054]
V  [jvm.dll+0x79bd21]
V  [jvm.dll+0x367871]
V  [jvm.dll+0x77b118]
V  [jvm.dll+0x3eabaf]
V  [jvm.dll+0x3ec6c1]
C  [jli.dll+0x5287]
C  [ucrtbase.dll+0x29363]
C  [KERNEL32.DLL+0x1257d]
C  [ntdll.dll+0x5aa58]


---------------  P R O C E S S  ---------------

Threads class SMR info:
_java_thread_list=0x00007ffa67247a98, length=0, elements={
}

Java Threads: ( => current thread )

Other Threads:
  0x000001a95bd00920 GCTaskThread "GC Thread#0" [stack: 0x000000599f300000,0x000000599f400000] [id=38172]
  0x000001a942428d90 ConcurrentGCThread "G1 Main Marker" [stack: 0x000000599f400000,0x000000599f500000] [id=24416]
  0x000001a94248de90 ConcurrentGCThread "G1 Conc#0" [stack: 0x000000599f500000,0x000000599f600000] [id=15440]

[error occurred during error reporting (printing all threads), id 0xc0000005, EXCEPTION_ACCESS_VIOLATION (0xc0000005) at pc=0x00007ffa66a8acd7]

VM state: not at safepoint (not fully initialized)

VM Mutex/Monitor currently owned by a thread:  ([mutex/lock_event])
[0x000001a942405c10] Heap_lock - owner thread: 0x000001a94240c2f0

Heap address: 0x0000000404000000, size: 16320 MB, Compressed Oops mode: Zero based, Oop shift amount: 3

CDS archive(s) mapped at: [0x0000000000000000-0x0000000000000000-0x0000000000000000), size 0, SharedBaseAddress: 0x0000000800000000, ArchiveRelocationMode: 1.
Narrow klass base: 0x0000000000000000, Narrow klass shift: 0, Narrow klass range: 0x0

GC Precious Log:
<Empty>

Heap:
 garbage-first heap   total 0K, used 0K [0x0000000404000000, 0x0000000800000000)
  region size 8192K, 0 young (0K), 0 survivors (0K)

[error occurred during error reporting (printing heap information), id 0xc0000005, EXCEPTION_ACCESS_VIOLATION (0xc0000005) at pc=0x00007ffa66e62819]

GC Heap History (0 events):
No events

Dll operation events (1 events):
Event: 0.007 Loaded shared library C:\Users\VPe\.jdks\graalvm-ce-17\bin\java.dll

Deoptimization events (0 events):
No events

Classes unloaded (0 events):
No events

Classes redefined (0 events):
No events

Internal exceptions (0 events):
No events

VM Operations (0 events):
No events

Events (0 events):
No events


Dynamic libraries:
0x00007ff62ebb0000 - 0x00007ff62ebbe000 	C:\Users\VPe\.jdks\graalvm-ce-17\bin\java.exe
0x00007ffb194d0000 - 0x00007ffb196e7000 	C:\Windows\SYSTEM32\ntdll.dll
0x00007ffb18300000 - 0x00007ffb183c4000 	C:\Windows\System32\KERNEL32.DLL
0x00007ffb169b0000 - 0x00007ffb16d56000 	C:\Windows\System32\KERNELBASE.dll
0x00007ffb17040000 - 0x00007ffb17151000 	C:\Windows\System32\ucrtbase.dll
0x00007ffaf4f40000 - 0x00007ffaf4f57000 	C:\Users\VPe\.jdks\graalvm-ce-17\bin\jli.dll
0x00007ffaf4c80000 - 0x00007ffaf4c9b000 	C:\Users\VPe\.jdks\graalvm-ce-17\bin\VCRUNTIME140.dll
0x00007ffb17c70000 - 0x00007ffb17e1e000 	C:\Windows\System32\USER32.dll
0x00007ffb16e80000 - 0x00007ffb16ea6000 	C:\Windows\System32\win32u.dll
0x00007ffb04f20000 - 0x00007ffb051b3000 	C:\Windows\WinSxS\amd64_microsoft.windows.common-controls_6595b64144ccf1df_6.0.22621.2506_none_270c5ae97388e100\COMCTL32.dll
0x00007ffb18c00000 - 0x00007ffb18c29000 	C:\Windows\System32\GDI32.dll
0x00007ffb189f0000 - 0x00007ffb18a97000 	C:\Windows\System32\msvcrt.dll
0x00007ffb16d60000 - 0x00007ffb16e78000 	C:\Windows\System32\gdi32full.dll
0x00007ffb16f30000 - 0x00007ffb16fca000 	C:\Windows\System32\msvcp_win.dll
0x00007ffb175e0000 - 0x00007ffb17611000 	C:\Windows\System32\IMM32.DLL
0x00007ffaf8840000 - 0x00007ffaf884c000 	C:\Users\VPe\.jdks\graalvm-ce-17\bin\vcruntime140_1.dll
0x00007ffa9ce00000 - 0x00007ffa9ce8e000 	C:\Users\VPe\.jdks\graalvm-ce-17\bin\msvcp140.dll
0x00007ffa667a0000 - 0x00007ffa6736f000 	C:\Users\VPe\.jdks\graalvm-ce-17\bin\server\jvm.dll
0x00007ffb172a0000 - 0x00007ffb17351000 	C:\Windows\System32\ADVAPI32.dll
0x00007ffb17b10000 - 0x00007ffb17bb5000 	C:\Windows\System32\sechost.dll
0x00007ffb187d0000 - 0x00007ffb188e7000 	C:\Windows\System32\RPCRT4.dll
0x00007ffaeda80000 - 0x00007ffaeda89000 	C:\Windows\SYSTEM32\WSOCK32.dll
0x00007ffb15c70000 - 0x00007ffb15cbd000 	C:\Windows\SYSTEM32\POWRPROF.dll
0x00007ffb10130000 - 0x00007ffb1013a000 	C:\Windows\SYSTEM32\VERSION.dll
0x00007ffb185f0000 - 0x00007ffb18661000 	C:\Windows\System32\WS2_32.dll
0x00007ffb10230000 - 0x00007ffb10264000 	C:\Windows\SYSTEM32\WINMM.dll
0x00007ffb15b60000 - 0x00007ffb15b73000 	C:\Windows\SYSTEM32\UMPDC.dll
0x00007ffb15800000 - 0x00007ffb15818000 	C:\Windows\SYSTEM32\kernel.appcore.dll
0x00007ffaf7c40000 - 0x00007ffaf7c4a000 	C:\Users\VPe\.jdks\graalvm-ce-17\bin\jimage.dll
0x00007ffaff060000 - 0x00007ffaff293000 	C:\Windows\SYSTEM32\DBGHELP.DLL
0x00007ffb17620000 - 0x00007ffb179a9000 	C:\Windows\System32\combase.dll
0x00007ffb17360000 - 0x00007ffb17437000 	C:\Windows\System32\OLEAUT32.dll
0x00007ffaeb5e0000 - 0x00007ffaeb612000 	C:\Windows\SYSTEM32\dbgcore.DLL
0x00007ffb16eb0000 - 0x00007ffb16f2a000 	C:\Windows\System32\bcryptPrimitives.dll
0x00007ffaf4a10000 - 0x00007ffaf4a1e000 	C:\Users\VPe\.jdks\graalvm-ce-17\bin\instrument.dll
0x00007ffaf58b0000 - 0x00007ffaf58d5000 	C:\Users\VPe\.jdks\graalvm-ce-17\bin\java.dll

dbghelp: loaded successfully - version: 4.0.5 - missing functions: none
symbol engine: initialized successfully - sym options: 0x614 - pdb path: .;C:\Users\VPe\.jdks\graalvm-ce-17\bin;C:\Windows\SYSTEM32;C:\Windows\WinSxS\amd64_microsoft.windows.common-controls_6595b64144ccf1df_6.0.22621.2506_none_270c5ae97388e100;C:\Users\VPe\.jdks\graalvm-ce-17\bin\server

VM Arguments:
jvm_args: -XX:ThreadPriorityPolicy=1 -XX:+UnlockExperimentalVMOptions -XX:+EnableJVMCIProduct -XX:JVMCIThreadsPerNativeLibraryRuntime=1 -XX:-UnlockExperimentalVMOptions -ea -DnodeNamesHandler=org.jetbrains.plugins.cucumber.java.run.CucumberTestTreeNodeManager -Didea.test.cyclic.buffer.size=1048576 -javaagent:C:\Program Files\JetBrains\IntelliJ IDEA\lib\idea_rt.jar=50177:C:\Program Files\JetBrains\IntelliJ IDEA\bin -Dfile.encoding=UTF-8 
java_command: com.intellij.rt.junit.JUnitStarter -ideVersion5 -junit4 hu.nye.test.vpe.RunTest
java_class_path (initial): C:\Program Files\JetBrains\IntelliJ IDEA\lib\idea_rt.jar;C:\Program Files\JetBrains\IntelliJ IDEA\plugins\junit\lib\junit5-rt.jar;C:\Program Files\JetBrains\IntelliJ IDEA\plugins\junit\lib\junit-rt.jar;D:\Development\Java\Test\target\test-classes;D:\Development\Java\Test\target\classes;C:\Users\VPe\.m2\repository\org\slf4j\slf4j-simple\1.7.32\slf4j-simple-1.7.32.jar;C:\Users\VPe\.m2\repository\org\slf4j\slf4j-api\1.7.32\slf4j-api-1.7.32.jar;C:\Users\VPe\.m2\repository\org\seleniumhq\selenium\selenium-java\4.10.0\selenium-java-4.10.0.jar;C:\Users\VPe\.m2\repository\org\seleniumhq\selenium\selenium-api\4.10.0\selenium-api-4.10.0.jar;C:\Users\VPe\.m2\repository\org\seleniumhq\selenium\selenium-chrome-driver\4.10.0\selenium-chrome-driver-4.10.0.jar;C:\Users\VPe\.m2\repository\com\google\auto\service\auto-service-annotations\1.0.1\auto-service-annotations-1.0.1.jar;C:\Users\VPe\.m2\repository\com\google\auto\service\auto-service\1.0.1\auto-service-1.0.1.jar;C:\Users\VPe\.m2\repository\com\google\auto\auto-common\1.2\auto-common-1.2.jar;C:\Users\VPe\.m2\repository\com\google\guava\guava\31.1-jre\guava-31.1-jre.jar;C:\Users\VPe\.m2\repository\com\google\guava\failureaccess\1.0.1\failureaccess-1.0.1.jar;C:\Users\VPe\.m2\repository\com\google\guava\listenablefuture\9999.0-empty-to-avoid-conflict-with-guava\listenablefuture-9999.0-empty-to-avoid-conflict-with-guava.jar;C:\Users\VPe\.m2\repository\com\google\code\findbugs\jsr305\3.0.2\jsr305-3.0.2.jar;C:\Users\VPe\.m2\repository\org\checkerframework\checker-qual\3.12.0\checker-qual-3.12.0.jar;C:\Users\VPe\.m2\repository\com\google\errorprone\error_prone_annotations\2.11.0\error_prone_annotations-2.11.0.jar;C:\Users\VPe\.m2\repository\com\google\j2objc\j2objc-annotations\1.3\j2objc-annotations-1.3.jar;C:\Users\VPe\.m2\repository\org\seleniumhq\selenium\selenium-chromium-driver\4.10.0\selenium-chromium-driver-4.10.0.jar;C:\Users\VPe\.m2\repository\org\seleniumhq\selenium\selenium-json\4.10.0\selenium
Launcher Type: SUN_STANDARD

[Global flags]
     intx CICompilerCount                          = 12                                        {product} {ergonomic}
     uint ConcGCThreads                            = 5                                         {product} {ergonomic}
     bool EnableJVMCIProduct                       = true                                {JVMCI product} {jimage}
     uint G1ConcRefinementThreads                  = 18                                        {product} {ergonomic}
   size_t G1HeapRegionSize                         = 8388608                                   {product} {ergonomic}
    uintx GCDrainStackTargetSize                   = 64                                        {product} {ergonomic}
   size_t InitialHeapSize                          = 1073741824                                {product} {ergonomic}
     uint JVMCIThreadsPerNativeLibraryRuntime      = 1                                   {JVMCI product} {jimage}
   size_t MarkStackSize                            = 4194304                                   {product} {ergonomic}
   size_t MaxHeapSize                              = 17112760320                               {product} {ergonomic}
   size_t MinHeapDeltaBytes                        = 8388608                                   {product} {ergonomic}
   size_t MinHeapSize                              = 8388608                                   {product} {ergonomic}
    uintx NonNMethodCodeHeapSize                   = 10453100                               {pd product} {ergonomic}
    uintx NonProfiledCodeHeapSize                  = 120602570                              {pd product} {ergonomic}
    uintx ProfiledCodeHeapSize                     = 120602570                              {pd product} {ergonomic}
    uintx ReservedCodeCacheSize                    = 251658240                              {pd product} {ergonomic}
     bool SegmentedCodeCache                       = true                                      {product} {ergonomic}
   size_t SoftMaxHeapSize                          = 17112760320                            {manageable} {ergonomic}
     intx ThreadPriorityPolicy                     = 1                                         {product} {jimage}
     bool UseCompressedClassPointers               = true                           {product lp64_product} {ergonomic}
     bool UseCompressedOops                        = true                           {product lp64_product} {ergonomic}
     bool UseG1GC                                  = true                                      {product} {ergonomic}
     bool UseLargePagesIndividualAllocation        = false                                  {pd product} {ergonomic}

Logging:
Log output configuration:
 #0: stdout all=warning uptime,level,tags
 #1: stderr all=off uptime,level,tags

Environment Variables:
PATH=D:\Oculus\Support\oculus-runtime;C:\Program Files (x86)\Actian\PSQL\bin\;C:\Program Files\Common Files\Oracle\Java\javapath;C:\Program Files (x86)\Common Files\Oracle\Java\javapath;C:\Windows\system32;C:\Windows;C:\Windows\System32\Wbem;C:\Windows\System32\WindowsPowerShell\v1.0\;C:\Windows\System32\OpenSSH\;C:\Program Files (x86)\NVIDIA Corporation\PhysX\Common;C:\Program Files\NVIDIA Corporation\NVIDIA NvDLISR;D:\Magic\Tools\Magicxpa\cvs_client;C:\Program Files\Microsoft VS Code\bin;D:\PHP;C:\ProgramData\ComposerSetup\bin;C:\Program Files (x86)\Microsoft SQL Server\150\Tools\Binn\;C:\Program Files\Microsoft SQL Server\150\Tools\Binn\;C:\Program Files\Microsoft SQL Server\Client SDK\ODBC\170\Tools\Binn\;C:\Program Files\Microsoft SQL Server\150\DTS\Binn\;C:\Program Files (x86)\Microsoft SQL Server\160\DTS\Binn\;C:\Program Files\Azure Data Studio\bin;C:\Program Files\nodejs\;C:\Program Files\dotnet\;C:\Program Files\Git\cmd;C:\Users\VPe\AppData\Local\Microsoft\WindowsApps;C:\Program Files\JetBrains\IntelliJ IDEA Community Edition 2023.1.3\bin;;C:\Users\VPe\AppData\Local\GitHubDesktop\bin;C:\Users\VPe\AppData\Roaming\Composer\vendor\bin;C:\Program Files\Azure Data Studio\bin;C:\Users\VPe\AppData\Roaming\npm;D:\Development\Maven\bin;;C:\Program Files\JetBrains\IntelliJ IDEA\bin;
USERNAME=VPe
OS=Windows_NT
PROCESSOR_IDENTIFIER=Intel64 Family 6 Model 151 Stepping 2, GenuineIntel
TMP=C:\Users\VPe\AppData\Local\Temp
TEMP=C:\Users\VPe\AppData\Local\Temp



---------------  S Y S T E M  ---------------

OS:
 Windows 11 , 64 bit Build 22621 (10.0.22621.2506)
OS uptime: 2 days 21:24 hours
Hyper-V role detected

CPU: total 24 (initial active 24) (12 cores per cpu, 2 threads per core) family 6 model 151 stepping 2 microcode 0x2c, cx8, cmov, fxsr, ht, mmx, 3dnowpref, sse, sse2, sse3, ssse3, sse4.1, sse4.2, popcnt, lzcnt, tsc, tscinvbit, avx, avx2, aes, erms, clmul, bmi1, bmi2, adx, sha, fma, vzeroupper, clflush, clflushopt, clwb, hv
Processor Information for all 24 processors :
  Max Mhz: 3200, Current Mhz: 3200, Mhz Limit: 3200

Memory: 4k page, system-wide physical 65277M (47374M free)
TotalPageFile size 184417M (AvailPageFile size 333M)
current process WorkingSet (physical memory assigned to process): 12M, peak: 12M
current process commit charge ("private bytes"): 82M, peak: 1106M

vm_info: OpenJDK 64-Bit Server VM (17.0.8+7-jvmci-22.3-b22) for windows-amd64 JRE (17.0.8+7-jvmci-22.3-b22), built on Jul 19 2023 07:48:01 by "" with MS VC++ 17.1 (VS2022)

END.
